01-25-2016 @ 20:18:48 - Generating payment form for order 2268. Notify URL: https://sportsfreund-fitness.upfit.de/wc-api/WC_Gateway_Paypal/
03-02-2016 @ 21:35:49 - Generating payment form for order 2625. Notify URL: https://sportsfreund-fitness.upfit.de/wc-api/WC_Gateway_Paypal/
03-02-2016 @ 21:38:57 - Checking IPN response is valid
03-02-2016 @ 21:38:59 - IPN Request: Array
(
    [body] => Array
        (
            [cmd] => _notify-validate
            [mc_gross] => 59.00
            [invoice] => SPF-2625
            [protection_eligibility] => Ineligible
            [item_number1] => 2625
            [tax] => 0.00
            [item_number2] => 
            [payer_id] => N3VAX4XQVCNCG
            [payment_date] => 12:39:02 Mar 02, 2016 PST
            [payment_status] => Completed
            [charset] => windows-1252
            [mc_shipping] => 0.00
            [mc_handling] => 0.00
            [first_name] => Patrick
            [mc_fee] => 1.47
            [notify_version] => 3.8
            [custom] => {"order_id":2625,"order_key":"wc_order_56d74ea587055"}
            [payer_status] => verified
            [business] => ideenrunde@gmail.com
            [num_cart_items] => 2
            [mc_handling1] => 0.00
            [mc_handling2] => 0.00
            [verify_sign] => AIKG6Yl3-BrUg7buCxG.DfHXdoJ9ANmlF8YgjG87BE4KtiC8ZfJ.Bp8Y
            [payer_email] => patrickw1991@live.de
            [mc_shipping1] => 0.00
            [mc_shipping2] => 0.00
            [txn_id] => 65600402NB0540406
            [payment_type] => instant
            [last_name] => Witt
            [item_name1] => Upfit Sparfuchs x 1
            [receiver_email] => ideenrunde@gmail.com
            [item_name2] => Shipping via Kostenloser Versand
            [payment_fee] => 
            [quantity1] => 1
            [quantity2] => 1
            [receiver_id] => DGXVV8KLARH58
            [txn_type] => cart
            [mc_gross_1] => 59.00
            [mc_currency] => EUR
            [mc_gross_2] => 0.00
            [residence_country] => DE
            [transaction_subject] => {"order_id":2625,"order_key":"wc_order_56d74ea587055"}
            [payment_gross] => 
            [ipn_track_id] => 79b90bb3a047c
        )

    [timeout] => 60
    [httpversion] => 1.1
    [compress] => 
    [decompress] => 
    [user-agent] => WooCommerce/2.4.10
)

03-02-2016 @ 21:38:59 - IPN Response: Array
(
    [headers] => Array
        (
            [server] => Apache
            [x-frame-options] => SAMEORIGIN
            [paypal-debug-id] => cb80b956345a
            [cache-control] => max-age=0, no-cache, no-store, must-revalidate
            [pragma] => no-cache
            [content-type] => text/html; charset=UTF-8
            [dc] => dcg11-origin-www-2.paypal.com
            [date] => Wed, 02 Mar 2016 20:39:17 GMT
            [content-length] => 8
            [connection] => close
            [set-cookie] => Array
                (
                    [0] => cwrClyrK4LoCV1fydGbAxiNL6iG=GXtcEUKPywMd7qIxZhXRW5R3BsVnQ19n-94jgna2a_y-qpzLC6D768hkQuWXT3pdr8RuguE1F32qntp7khbCdtLuoIzp0WC8dlzHucgJTQ8z8MvnembydJqnwDyATh5jsrqPjYVfESmhJpdmF-Zqc_sY4DdGUdLLspgGxI-y6wQZbTtvq9QgPPC_tedT3jUKSjb0K2Qnn54vGiY1Vv6b8T8BPaPnCBNZkamKMuFHelhvFBOOpDMldzr7rdWiz66pWN0tL6BaQaV7Nbz3U1QQv4l19dpiaFFRn2JvO_7g0V-jcAyUqXjXgqGucPpg0_4ogeLL89NtctvCcs6kgzLhVWcgh3XHsKOl5swXerT4qB8HZJA40PZ67yBDqbcrkfzJkkU20aNnLKeKdwmY6M6UGWRTecMp8IesRoQd_7biEfsRP93lzQf2Sg6cEVO; domain=.paypal.com; path=/; Secure; HttpOnly
                    [1] => cookie_check=yes; expires=Sat, 28-Feb-2026 20:39:17 GMT; domain=.paypal.com; path=/; Secure; HttpOnly
                    [2] => navcmd=_notify-validate; domain=.paypal.com; path=/; Secure; HttpOnly
                    [3] => navlns=0.0; expires=Fri, 02-Mar-2018 20:39:17 GMT; domain=.paypal.com; path=/; Secure; HttpOnly
                    [4] => X-PP-SILOVER=name%3DLIVE9.WEB.1%26silo_version%3D880%26app%3Dappdispatcher%26TIME%3D1968166742; domain=.paypal.com; path=/; Secure; HttpOnly
                    [5] => X-PP-SILOVER=; Expires=Thu, 01 Jan 1970 00:00:01 GMT
                    [6] => AKDC=dcg11-origin-www-2.paypal.com; expires=Wed, 02-Mar-2016 21:09:17 GMT; path=/; secure
                )

            [strict-transport-security] => max-age=63072000
        )

    [body] => VERIFIED
    [response] => Array
        (
            [code] => 200
            [message] => OK
        )

    [cookies] => Array
        (
            [0] => WP_Http_Cookie Object
                (
                    [name] => cwrClyrK4LoCV1fydGbAxiNL6iG
                    [value] => GXtcEUKPywMd7qIxZhXRW5R3BsVnQ19n-94jgna2a_y-qpzLC6D768hkQuWXT3pdr8RuguE1F32qntp7khbCdtLuoIzp0WC8dlzHucgJTQ8z8MvnembydJqnwDyATh5jsrqPjYVfESmhJpdmF-Zqc_sY4DdGUdLLspgGxI-y6wQZbTtvq9QgPPC_tedT3jUKSjb0K2Qnn54vGiY1Vv6b8T8BPaPnCBNZkamKMuFHelhvFBOOpDMldzr7rdWiz66pWN0tL6BaQaV7Nbz3U1QQv4l19dpiaFFRn2JvO_7g0V-jcAyUqXjXgqGucPpg0_4ogeLL89NtctvCcs6kgzLhVWcgh3XHsKOl5swXerT4qB8HZJA40PZ67yBDqbcrkfzJkkU20aNnLKeKdwmY6M6UGWRTecMp8IesRoQd_7biEfsRP93lzQf2Sg6cEVO
                    [expires] => 
                    [path] => /
                    [domain] => .paypal.com
                    [secure] => 
                    [httponly] => 
                )

            [1] => WP_Http_Cookie Object
                (
                    [name] => cookie_check
                    [value] => yes
                    [expires] => 1772311157
                    [path] => /
                    [domain] => .paypal.com
                    [secure] => 
                    [httponly] => 
                )

            [2] => WP_Http_Cookie Object
                (
                    [name] => navcmd
                    [value] => _notify-validate
                    [expires] => 
                    [path] => /
                    [domain] => .paypal.com
                    [secure] => 
                    [httponly] => 
                )

            [3] => WP_Http_Cookie Object
                (
                    [name] => navlns
                    [value] => 0.0
                    [expires] => 1520023157
                    [path] => /
                    [domain] => .paypal.com
                    [secure] => 
                    [httponly] => 
                )

            [4] => WP_Http_Cookie Object
                (
                    [name] => X-PP-SILOVER
                    [value] => name=LIVE9.WEB.1&silo_version=880&app=appdispatcher&TIME=1968166742
                    [expires] => 
                    [path] => /
                    [domain] => .paypal.com
                    [secure] => 
                    [httponly] => 
                )

            [5] => WP_Http_Cookie Object
                (
                    [name] => X-PP-SILOVER
                    [value] => 
                    [expires] => 1
                    [path] => /cgi-bin/
                    [domain] => www.paypal.com
                )

            [6] => WP_Http_Cookie Object
                (
                    [name] => AKDC
                    [value] => dcg11-origin-www-2.paypal.com
                    [expires] => 1456952957
                    [path] => /
                    [domain] => www.paypal.com
                    [secure] => 
                )

        )

    [filename] => 
)

03-02-2016 @ 21:38:59 - Received valid response from PayPal
03-02-2016 @ 21:38:59 - Found order #2625
03-02-2016 @ 21:38:59 - Payment status: completed
