********************************************************************************
PACKAGE-LOG: 2015-11-27 10:30:35
NOTICE: Do NOT post to public sites or forums 
********************************************************************************
VERSION:	0.5.34
WORDPRESS:	4.3.1
PHP INFO:	5.5.9-1ubuntu4.14 | SAPI: apache2handler
SERVER:		Apache/2.4.7 (Ubuntu) 
PHP TIME LIMIT: (0) no time limit imposed 
PHP MAX MEMORY: 5000M (-1 default) 
MEMORY STACK: 15MB 

********************************************************************************
DATABASE:
********************************************************************************
BUILD MODE:   PHP(query limit - 100)
MYSQLTIMEOUT: 5000
MYSQLDUMP:    Is Supported 
TABLES: total:167 | filtered:0 | create:167 
FILTERED: [] 
SQL CREATED: 20151127_upfit_5658302ee3aa48449151127102758_database.sql 
file size:41683868 
SQL FILE SIZE: 39.75MB 
SQL FILE TIME: 2015-11-27 10:32:10 
SQL RUNTIME: 95.73 sec. 

******************************************************************************** 
ARCHIVE (ZIP): 
******************************************************************************** 
ARCHIVE DIR:  /var/www/html/upfit 
ARCHIVE FILE: 20151127_upfit_5658302ee3aa48449151127102758_archive.zip 
FILTERS: *OFF* 
DIRS:  not set 
EXTS:  not set 
---------------------------------------- 
COMPRESSING 
SIZE:	244.62MB 
STATS:	Dirs 1,189 | Files 10,276 
SQL ADDED: 20151127_upfit_5658302ee3aa48449151127102758_database.sql 
ZipArchive Object
(
    [status] => 0
    [statusSys] => 0
    [numFiles] => 11465
    [filename] => /var/www/html/upfit/wp-snapshots/tmp/20151127_upfit_5658302ee3aa48449151127102758_archive.zip
    [comment] => 
)
 
COMPRESSION RESULT: '1' 
COMPRESSED SIZE: 116MB 
ARCHIVE RUNTIME: 85.65 sec. 
MEMORY STACK: 19MB 

******************************************************************************** 
MAKE INSTALLER: 
******************************************************************************** 
Build Start 
Build Finished 
Preping for use 
Template parsed with new data 
Complete [/var/www/html/upfit/wp-snapshots/tmp/20151127_upfit_5658302ee3aa48449151127102758_installer.php] 
Added to archive 

******************************************************************************** 
INTEGRITY CHECKS: 
******************************************************************************** 
SQL File: 39.75MB 
Installer File: 318.01KB 
Archive File: 116MB  

********************************************************************************
RECORD ID:[1]
TOTAL PROCESS RUNTIME: 184.23 sec.
PEAK PHP MEMORY USED: 20.5MB
DONE PROCESSING => 20151127_upfit 2015-11-27 10:33:39
 
